<?xml version="1.0" encoding="UTF-8"?>
<testsuites>
  <testsuite name="" tests="37" assertions="69" errors="0" warnings="0" failures="0" skipped="0" time="0.395517">
    <testsuite name="Project Test Suite" tests="37" assertions="69" errors="0" warnings="0" failures="0" skipped="0" time="0.395517">
      <testsuite name="App\Card\CardGraphicTest" file="/home/vemla/dbwebb-kurser/mvc/me/report/tests/Card/CardGraphicTest.php" tests="3" assertions="5" errors="0" warnings="0" failures="0" skipped="0" time="0.009664">
        <testcase name="testCreateCard" class="App\Card\CardGraphicTest" classname="App.Card.CardGraphicTest" file="/home/vemla/dbwebb-kurser/mvc/me/report/tests/Card/CardGraphicTest.php" line="15" assertions="2" time="0.008216"/>
        <testcase name="testGet" class="App\Card\CardGraphicTest" classname="App.Card.CardGraphicTest" file="/home/vemla/dbwebb-kurser/mvc/me/report/tests/Card/CardGraphicTest.php" line="27" assertions="1" time="0.000812"/>
        <testcase name="testGetString" class="App\Card\CardGraphicTest" classname="App.Card.CardGraphicTest" file="/home/vemla/dbwebb-kurser/mvc/me/report/tests/Card/CardGraphicTest.php" line="39" assertions="2" time="0.000635"/>
      </testsuite>
      <testsuite name="App\Card\CardHandTest" file="/home/vemla/dbwebb-kurser/mvc/me/report/tests/Card/CardHandTest.php" tests="5" assertions="7" errors="0" warnings="0" failures="0" skipped="0" time="0.015992">
        <testcase name="testCardHandObject" class="App\Card\CardHandTest" classname="App.Card.CardHandTest" file="/home/vemla/dbwebb-kurser/mvc/me/report/tests/Card/CardHandTest.php" line="15" assertions="2" time="0.000872"/>
        <testcase name="testGetCardHandAsString" class="App\Card\CardHandTest" classname="App.Card.CardHandTest" file="/home/vemla/dbwebb-kurser/mvc/me/report/tests/Card/CardHandTest.php" line="32" assertions="2" time="0.000344"/>
        <testcase name="testSumOfCarHand" class="App\Card\CardHandTest" classname="App.Card.CardHandTest" file="/home/vemla/dbwebb-kurser/mvc/me/report/tests/Card/CardHandTest.php" line="50" assertions="1" time="0.013259"/>
        <testcase name="testSumOfCarHandOneAceHigh" class="App\Card\CardHandTest" classname="App.Card.CardHandTest" file="/home/vemla/dbwebb-kurser/mvc/me/report/tests/Card/CardHandTest.php" line="77" assertions="1" time="0.000717"/>
        <testcase name="testSumOfCarHandOneAceLow" class="App\Card\CardHandTest" classname="App.Card.CardHandTest" file="/home/vemla/dbwebb-kurser/mvc/me/report/tests/Card/CardHandTest.php" line="105" assertions="1" time="0.000801"/>
      </testsuite>
      <testsuite name="App\Card\CardTest" file="/home/vemla/dbwebb-kurser/mvc/me/report/tests/Card/CardTest.php" tests="2" assertions="3" errors="0" warnings="0" failures="0" skipped="0" time="0.000612">
        <testcase name="testCreateCard" class="App\Card\CardTest" classname="App.Card.CardTest" file="/home/vemla/dbwebb-kurser/mvc/me/report/tests/Card/CardTest.php" line="15" assertions="2" time="0.000305"/>
        <testcase name="testGetAndSet" class="App\Card\CardTest" classname="App.Card.CardTest" file="/home/vemla/dbwebb-kurser/mvc/me/report/tests/Card/CardTest.php" line="27" assertions="1" time="0.000306"/>
      </testsuite>
      <testsuite name="App\Card\DeckOfCardsTest" file="/home/vemla/dbwebb-kurser/mvc/me/report/tests/Card/DeckOfCardsTest.php" tests="3" assertions="4" errors="0" warnings="0" failures="0" skipped="0" time="0.005855">
        <testcase name="testDeckOfCardsCreateAndShuffle" class="App\Card\DeckOfCardsTest" classname="App.Card.DeckOfCardsTest" file="/home/vemla/dbwebb-kurser/mvc/me/report/tests/Card/DeckOfCardsTest.php" line="13" assertions="2" time="0.004719"/>
        <testcase name="testDrawCardsNoArgs" class="App\Card\DeckOfCardsTest" classname="App.Card.DeckOfCardsTest" file="/home/vemla/dbwebb-kurser/mvc/me/report/tests/Card/DeckOfCardsTest.php" line="31" assertions="1" time="0.000565"/>
        <testcase name="testDrawCardsWithArgs" class="App\Card\DeckOfCardsTest" classname="App.Card.DeckOfCardsTest" file="/home/vemla/dbwebb-kurser/mvc/me/report/tests/Card/DeckOfCardsTest.php" line="45" assertions="1" time="0.000571"/>
      </testsuite>
      <testsuite name="App\Controller\ApiControllerTest" file="/home/vemla/dbwebb-kurser/mvc/me/report/tests/Controller/ApiControllerTest.php" tests="1" assertions="3" errors="0" warnings="0" failures="0" skipped="0" time="0.251041">
        <testcase name="testApiHomePage" class="App\Controller\ApiControllerTest" classname="App.Controller.ApiControllerTest" file="/home/vemla/dbwebb-kurser/mvc/me/report/tests/Controller/ApiControllerTest.php" line="17" assertions="3" time="0.251041"/>
      </testsuite>
      <testsuite name="App\Controller\CardGameControllerTest" file="/home/vemla/dbwebb-kurser/mvc/me/report/tests/Controller/CardGameControllerTest.php" tests="2" assertions="6" errors="0" warnings="0" failures="0" skipped="0" time="0.045924">
        <testcase name="testDeckPage" class="App\Controller\CardGameControllerTest" classname="App.Controller.CardGameControllerTest" file="/home/vemla/dbwebb-kurser/mvc/me/report/tests/Controller/CardGameControllerTest.php" line="17" assertions="3" time="0.024916"/>
        <testcase name="testDeckShuffle" class="App\Controller\CardGameControllerTest" classname="App.Controller.CardGameControllerTest" file="/home/vemla/dbwebb-kurser/mvc/me/report/tests/Controller/CardGameControllerTest.php" line="36" assertions="3" time="0.021008"/>
      </testsuite>
      <testsuite name="App\Controller\DiceGameControllerTest" file="/home/vemla/dbwebb-kurser/mvc/me/report/tests/Controller/DiceGameControllerTest.php" tests="3" assertions="9" errors="0" warnings="0" failures="0" skipped="0" time="0.037940">
        <testcase name="testInitPage" class="App\Controller\DiceGameControllerTest" classname="App.Controller.DiceGameControllerTest" file="/home/vemla/dbwebb-kurser/mvc/me/report/tests/Controller/DiceGameControllerTest.php" line="17" assertions="3" time="0.017782"/>
        <testcase name="testPigRoll" class="App\Controller\DiceGameControllerTest" classname="App.Controller.DiceGameControllerTest" file="/home/vemla/dbwebb-kurser/mvc/me/report/tests/Controller/DiceGameControllerTest.php" line="37" assertions="3" time="0.010248"/>
        <testcase name="testPigRollHand" class="App\Controller\DiceGameControllerTest" classname="App.Controller.DiceGameControllerTest" file="/home/vemla/dbwebb-kurser/mvc/me/report/tests/Controller/DiceGameControllerTest.php" line="57" assertions="3" time="0.009910"/>
      </testsuite>
      <testsuite name="App\Controller\LibraryControllerTest" file="/home/vemla/dbwebb-kurser/mvc/me/report/tests/Controller/LibraryControllerTest.php" tests="1" assertions="3" errors="0" warnings="0" failures="0" skipped="0" time="0.015761">
        <testcase name="testLibraryHomePage" class="App\Controller\LibraryControllerTest" classname="App.Controller.LibraryControllerTest" file="/home/vemla/dbwebb-kurser/mvc/me/report/tests/Controller/LibraryControllerTest.php" line="17" assertions="3" time="0.015761"/>
      </testsuite>
      <testsuite name="App\Dice\DiceGraphicTest" file="/home/vemla/dbwebb-kurser/mvc/me/report/tests/Dice/DiceGraphicTest.php" tests="2" assertions="3" errors="0" warnings="0" failures="0" skipped="0" time="0.000688">
        <testcase name="testCreateDiceGraphic" class="App\Dice\DiceGraphicTest" classname="App.Dice.DiceGraphicTest" file="/home/vemla/dbwebb-kurser/mvc/me/report/tests/Dice/DiceGraphicTest.php" line="16" assertions="2" time="0.000366"/>
        <testcase name="testGetValueDice" class="App\Dice\DiceGraphicTest" classname="App.Dice.DiceGraphicTest" file="/home/vemla/dbwebb-kurser/mvc/me/report/tests/Dice/DiceGraphicTest.php" line="29" assertions="1" time="0.000321"/>
      </testsuite>
      <testsuite name="App\Dice\DiceHandTest" file="/home/vemla/dbwebb-kurser/mvc/me/report/tests/Dice/DiceHandTest.php" tests="4" assertions="4" errors="0" warnings="0" failures="0" skipped="0" time="0.002629">
        <testcase name="testAddStubbedDices" class="App\Dice\DiceHandTest" classname="App.Dice.DiceHandTest" file="/home/vemla/dbwebb-kurser/mvc/me/report/tests/Dice/DiceHandTest.php" line="15" assertions="1" time="0.000987"/>
        <testcase name="testNumberDice" class="App\Dice\DiceHandTest" classname="App.Dice.DiceHandTest" file="/home/vemla/dbwebb-kurser/mvc/me/report/tests/Dice/DiceHandTest.php" line="37" assertions="1" time="0.000419"/>
        <testcase name="testGetAllValuesOfDice" class="App\Dice\DiceHandTest" classname="App.Dice.DiceHandTest" file="/home/vemla/dbwebb-kurser/mvc/me/report/tests/Dice/DiceHandTest.php" line="50" assertions="1" time="0.000603"/>
        <testcase name="testGetAllStringsOfDice" class="App\Dice\DiceHandTest" classname="App.Dice.DiceHandTest" file="/home/vemla/dbwebb-kurser/mvc/me/report/tests/Dice/DiceHandTest.php" line="72" assertions="1" time="0.000619"/>
      </testsuite>
      <testsuite name="App\Dice\DiceTest" file="/home/vemla/dbwebb-kurser/mvc/me/report/tests/Dice/DiceTest.php" tests="4" assertions="8" errors="0" warnings="0" failures="0" skipped="0" time="0.001413">
        <testcase name="testCreateDice" class="App\Dice\DiceTest" classname="App.Dice.DiceTest" file="/home/vemla/dbwebb-kurser/mvc/me/report/tests/Dice/DiceTest.php" line="16" assertions="2" time="0.000311"/>
        <testcase name="testStubRollDiceLastRoll" class="App\Dice\DiceTest" classname="App.Dice.DiceTest" file="/home/vemla/dbwebb-kurser/mvc/me/report/tests/Dice/DiceTest.php" line="27" assertions="1" time="0.000480"/>
        <testcase name="testRollDice" class="App\Dice\DiceTest" classname="App.Dice.DiceTest" file="/home/vemla/dbwebb-kurser/mvc/me/report/tests/Dice/DiceTest.php" line="44" assertions="3" time="0.000323"/>
        <testcase name="testGetValueDice" class="App\Dice\DiceTest" classname="App.Dice.DiceTest" file="/home/vemla/dbwebb-kurser/mvc/me/report/tests/Dice/DiceTest.php" line="58" assertions="2" time="0.000298"/>
      </testsuite>
      <testsuite name="App\Entity\BookTest" file="/home/vemla/dbwebb-kurser/mvc/me/report/tests/Entity/BookTest.php" tests="1" assertions="4" errors="0" warnings="0" failures="0" skipped="0" time="0.001723">
        <testcase name="testBook" class="App\Entity\BookTest" classname="App.Entity.BookTest" file="/home/vemla/dbwebb-kurser/mvc/me/report/tests/Entity/BookTest.php" line="14" assertions="4" time="0.001723"/>
      </testsuite>
      <testsuite name="App\Entity\GarbageBeachKattegattOstersjonTest" file="/home/vemla/dbwebb-kurser/mvc/me/report/tests/Entity/GarbageBeachKattegattOstersjonTest.php" tests="2" assertions="4" errors="0" warnings="0" failures="0" skipped="0" time="0.002357">
        <testcase name="testGarbageBeachKattegattOstersjon" class="App\Entity\GarbageBeachKattegattOstersjonTest" classname="App.Entity.GarbageBeachKattegattOstersjonTest" file="/home/vemla/dbwebb-kurser/mvc/me/report/tests/Entity/GarbageBeachKattegattOstersjonTest.php" line="14" assertions="3" time="0.000896"/>
        <testcase name="testGarbageBeachKattegattOstersjonGetId" class="App\Entity\GarbageBeachKattegattOstersjonTest" classname="App.Entity.GarbageBeachKattegattOstersjonTest" file="/home/vemla/dbwebb-kurser/mvc/me/report/tests/Entity/GarbageBeachKattegattOstersjonTest.php" line="36" assertions="1" time="0.001461"/>
      </testsuite>
      <testsuite name="App\Entity\GarbageMaterialKattegattOstersjonTest" file="/home/vemla/dbwebb-kurser/mvc/me/report/tests/Entity/GarbageMaterialKattegattOstersjonTest.php" tests="2" assertions="3" errors="0" warnings="0" failures="0" skipped="0" time="0.002088">
        <testcase name="testGarbageMaterialKattegattOstersjon" class="App\Entity\GarbageMaterialKattegattOstersjonTest" classname="App.Entity.GarbageMaterialKattegattOstersjonTest" file="/home/vemla/dbwebb-kurser/mvc/me/report/tests/Entity/GarbageMaterialKattegattOstersjonTest.php" line="14" assertions="2" time="0.001070"/>
        <testcase name="testGarbageMaterialKattegattOstersjonGetId" class="App\Entity\GarbageMaterialKattegattOstersjonTest" classname="App.Entity.GarbageMaterialKattegattOstersjonTest" file="/home/vemla/dbwebb-kurser/mvc/me/report/tests/Entity/GarbageMaterialKattegattOstersjonTest.php" line="36" assertions="1" time="0.001018"/>
      </testsuite>
      <testsuite name="App\Entity\GarbageMaterialRuralKattegattOstersjonTest" file="/home/vemla/dbwebb-kurser/mvc/me/report/tests/Entity/GarbageMaterialRuralKattegattOstersjonTest.php" tests="2" assertions="3" errors="0" warnings="0" failures="0" skipped="0" time="0.001830">
        <testcase name="testGarbageMaterialRuralKattegattOstersjon" class="App\Entity\GarbageMaterialRuralKattegattOstersjonTest" classname="App.Entity.GarbageMaterialRuralKattegattOstersjonTest" file="/home/vemla/dbwebb-kurser/mvc/me/report/tests/Entity/GarbageMaterialRuralKattegattOstersjonTest.php" line="14" assertions="2" time="0.000825"/>
        <testcase name="testGarbageMaterialRuralKattegattOstersjonGetId" class="App\Entity\GarbageMaterialRuralKattegattOstersjonTest" classname="App.Entity.GarbageMaterialRuralKattegattOstersjonTest" file="/home/vemla/dbwebb-kurser/mvc/me/report/tests/Entity/GarbageMaterialRuralKattegattOstersjonTest.php" line="37" assertions="1" time="0.001005"/>
      </testsuite>
    </testsuite>
  </testsuite>
</testsuites>
