<?xml version="1.0" encoding="UTF-8"?>
<testsuites>
  <testsuite name="" tests="38" assertions="70" errors="0" warnings="0" failures="0" skipped="0" time="0.391699">
    <testsuite name="Project Test Suite" tests="38" assertions="70" errors="0" warnings="0" failures="0" skipped="0" time="0.391699">
      <testsuite name="App\Card\CardGraphicTest" file="/home/vemla/dbwebb-kurser/mvc/me/report/tests/Card/CardGraphicTest.php" tests="3" assertions="5" errors="0" warnings="0" failures="0" skipped="0" time="0.009153">
        <testcase name="testCreateCard" class="App\Card\CardGraphicTest" classname="App.Card.CardGraphicTest" file="/home/vemla/dbwebb-kurser/mvc/me/report/tests/Card/CardGraphicTest.php" line="15" assertions="2" time="0.007421"/>
        <testcase name="testGet" class="App\Card\CardGraphicTest" classname="App.Card.CardGraphicTest" file="/home/vemla/dbwebb-kurser/mvc/me/report/tests/Card/CardGraphicTest.php" line="27" assertions="1" time="0.000850"/>
        <testcase name="testGetString" class="App\Card\CardGraphicTest" classname="App.Card.CardGraphicTest" file="/home/vemla/dbwebb-kurser/mvc/me/report/tests/Card/CardGraphicTest.php" line="39" assertions="2" time="0.000881"/>
      </testsuite>
      <testsuite name="App\Card\CardHandTest" file="/home/vemla/dbwebb-kurser/mvc/me/report/tests/Card/CardHandTest.php" tests="5" assertions="7" errors="0" warnings="0" failures="0" skipped="0" time="0.014781">
        <testcase name="testCardHandObject" class="App\Card\CardHandTest" classname="App.Card.CardHandTest" file="/home/vemla/dbwebb-kurser/mvc/me/report/tests/Card/CardHandTest.php" line="15" assertions="2" time="0.000841"/>
        <testcase name="testGetCardHandAsString" class="App\Card\CardHandTest" classname="App.Card.CardHandTest" file="/home/vemla/dbwebb-kurser/mvc/me/report/tests/Card/CardHandTest.php" line="32" assertions="2" time="0.000373"/>
        <testcase name="testSumOfCarHand" class="App\Card\CardHandTest" classname="App.Card.CardHandTest" file="/home/vemla/dbwebb-kurser/mvc/me/report/tests/Card/CardHandTest.php" line="50" assertions="1" time="0.012064"/>
        <testcase name="testSumOfCarHandOneAceHigh" class="App\Card\CardHandTest" classname="App.Card.CardHandTest" file="/home/vemla/dbwebb-kurser/mvc/me/report/tests/Card/CardHandTest.php" line="77" assertions="1" time="0.000729"/>
        <testcase name="testSumOfCarHandOneAceLow" class="App\Card\CardHandTest" classname="App.Card.CardHandTest" file="/home/vemla/dbwebb-kurser/mvc/me/report/tests/Card/CardHandTest.php" line="105" assertions="1" time="0.000773"/>
      </testsuite>
      <testsuite name="App\Card\CardTest" file="/home/vemla/dbwebb-kurser/mvc/me/report/tests/Card/CardTest.php" tests="2" assertions="3" errors="0" warnings="0" failures="0" skipped="0" time="0.000617">
        <testcase name="testCreateCard" class="App\Card\CardTest" classname="App.Card.CardTest" file="/home/vemla/dbwebb-kurser/mvc/me/report/tests/Card/CardTest.php" line="15" assertions="2" time="0.000299"/>
        <testcase name="testGetAndSet" class="App\Card\CardTest" classname="App.Card.CardTest" file="/home/vemla/dbwebb-kurser/mvc/me/report/tests/Card/CardTest.php" line="27" assertions="1" time="0.000318"/>
      </testsuite>
      <testsuite name="App\Card\DeckOfCardsTest" file="/home/vemla/dbwebb-kurser/mvc/me/report/tests/Card/DeckOfCardsTest.php" tests="3" assertions="4" errors="0" warnings="0" failures="0" skipped="0" time="0.005900">
        <testcase name="testDeckOfCardsCreateAndShuffle" class="App\Card\DeckOfCardsTest" classname="App.Card.DeckOfCardsTest" file="/home/vemla/dbwebb-kurser/mvc/me/report/tests/Card/DeckOfCardsTest.php" line="13" assertions="2" time="0.004516"/>
        <testcase name="testDrawCardsNoArgs" class="App\Card\DeckOfCardsTest" classname="App.Card.DeckOfCardsTest" file="/home/vemla/dbwebb-kurser/mvc/me/report/tests/Card/DeckOfCardsTest.php" line="31" assertions="1" time="0.000824"/>
        <testcase name="testDrawCardsWithArgs" class="App\Card\DeckOfCardsTest" classname="App.Card.DeckOfCardsTest" file="/home/vemla/dbwebb-kurser/mvc/me/report/tests/Card/DeckOfCardsTest.php" line="45" assertions="1" time="0.000560"/>
      </testsuite>
      <testsuite name="App\Controller\ApiControllerTest" file="/home/vemla/dbwebb-kurser/mvc/me/report/tests/Controller/ApiControllerTest.php" tests="1" assertions="3" errors="0" warnings="0" failures="0" skipped="0" time="0.245002">
        <testcase name="testApiHomePage" class="App\Controller\ApiControllerTest" classname="App.Controller.ApiControllerTest" file="/home/vemla/dbwebb-kurser/mvc/me/report/tests/Controller/ApiControllerTest.php" line="17" assertions="3" time="0.245002"/>
      </testsuite>
      <testsuite name="App\Controller\CardGameControllerTest" file="/home/vemla/dbwebb-kurser/mvc/me/report/tests/Controller/CardGameControllerTest.php" tests="2" assertions="6" errors="0" warnings="0" failures="0" skipped="0" time="0.047678">
        <testcase name="testDeckPage" class="App\Controller\CardGameControllerTest" classname="App.Controller.CardGameControllerTest" file="/home/vemla/dbwebb-kurser/mvc/me/report/tests/Controller/CardGameControllerTest.php" line="17" assertions="3" time="0.026674"/>
        <testcase name="testDeckShuffle" class="App\Controller\CardGameControllerTest" classname="App.Controller.CardGameControllerTest" file="/home/vemla/dbwebb-kurser/mvc/me/report/tests/Controller/CardGameControllerTest.php" line="36" assertions="3" time="0.021005"/>
      </testsuite>
      <testsuite name="App\Controller\DiceGameControllerTest" file="/home/vemla/dbwebb-kurser/mvc/me/report/tests/Controller/DiceGameControllerTest.php" tests="3" assertions="9" errors="0" warnings="0" failures="0" skipped="0" time="0.037843">
        <testcase name="testInitPage" class="App\Controller\DiceGameControllerTest" classname="App.Controller.DiceGameControllerTest" file="/home/vemla/dbwebb-kurser/mvc/me/report/tests/Controller/DiceGameControllerTest.php" line="17" assertions="3" time="0.016245"/>
        <testcase name="testPigRoll" class="App\Controller\DiceGameControllerTest" classname="App.Controller.DiceGameControllerTest" file="/home/vemla/dbwebb-kurser/mvc/me/report/tests/Controller/DiceGameControllerTest.php" line="37" assertions="3" time="0.010568"/>
        <testcase name="testPigRollHand" class="App\Controller\DiceGameControllerTest" classname="App.Controller.DiceGameControllerTest" file="/home/vemla/dbwebb-kurser/mvc/me/report/tests/Controller/DiceGameControllerTest.php" line="57" assertions="3" time="0.011031"/>
      </testsuite>
      <testsuite name="App\Controller\LibraryControllerTest" file="/home/vemla/dbwebb-kurser/mvc/me/report/tests/Controller/LibraryControllerTest.php" tests="1" assertions="3" errors="0" warnings="0" failures="0" skipped="0" time="0.016502">
        <testcase name="testLibraryHomePage" class="App\Controller\LibraryControllerTest" classname="App.Controller.LibraryControllerTest" file="/home/vemla/dbwebb-kurser/mvc/me/report/tests/Controller/LibraryControllerTest.php" line="17" assertions="3" time="0.016502"/>
      </testsuite>
      <testsuite name="App\Dice\DiceGraphicTest" file="/home/vemla/dbwebb-kurser/mvc/me/report/tests/Dice/DiceGraphicTest.php" tests="2" assertions="3" errors="0" warnings="0" failures="0" skipped="0" time="0.000672">
        <testcase name="testCreateDiceGraphic" class="App\Dice\DiceGraphicTest" classname="App.Dice.DiceGraphicTest" file="/home/vemla/dbwebb-kurser/mvc/me/report/tests/Dice/DiceGraphicTest.php" line="16" assertions="2" time="0.000345"/>
        <testcase name="testGetValueDice" class="App\Dice\DiceGraphicTest" classname="App.Dice.DiceGraphicTest" file="/home/vemla/dbwebb-kurser/mvc/me/report/tests/Dice/DiceGraphicTest.php" line="29" assertions="1" time="0.000327"/>
      </testsuite>
      <testsuite name="App\Dice\DiceHandTest" file="/home/vemla/dbwebb-kurser/mvc/me/report/tests/Dice/DiceHandTest.php" tests="4" assertions="4" errors="0" warnings="0" failures="0" skipped="0" time="0.002719">
        <testcase name="testAddStubbedDices" class="App\Dice\DiceHandTest" classname="App.Dice.DiceHandTest" file="/home/vemla/dbwebb-kurser/mvc/me/report/tests/Dice/DiceHandTest.php" line="15" assertions="1" time="0.000930"/>
        <testcase name="testNumberDice" class="App\Dice\DiceHandTest" classname="App.Dice.DiceHandTest" file="/home/vemla/dbwebb-kurser/mvc/me/report/tests/Dice/DiceHandTest.php" line="37" assertions="1" time="0.000503"/>
        <testcase name="testGetAllValuesOfDice" class="App\Dice\DiceHandTest" classname="App.Dice.DiceHandTest" file="/home/vemla/dbwebb-kurser/mvc/me/report/tests/Dice/DiceHandTest.php" line="50" assertions="1" time="0.000685"/>
        <testcase name="testGetAllStringsOfDice" class="App\Dice\DiceHandTest" classname="App.Dice.DiceHandTest" file="/home/vemla/dbwebb-kurser/mvc/me/report/tests/Dice/DiceHandTest.php" line="72" assertions="1" time="0.000601"/>
      </testsuite>
      <testsuite name="App\Dice\DiceTest" file="/home/vemla/dbwebb-kurser/mvc/me/report/tests/Dice/DiceTest.php" tests="4" assertions="8" errors="0" warnings="0" failures="0" skipped="0" time="0.001447">
        <testcase name="testCreateDice" class="App\Dice\DiceTest" classname="App.Dice.DiceTest" file="/home/vemla/dbwebb-kurser/mvc/me/report/tests/Dice/DiceTest.php" line="16" assertions="2" time="0.000317"/>
        <testcase name="testStubRollDiceLastRoll" class="App\Dice\DiceTest" classname="App.Dice.DiceTest" file="/home/vemla/dbwebb-kurser/mvc/me/report/tests/Dice/DiceTest.php" line="27" assertions="1" time="0.000495"/>
        <testcase name="testRollDice" class="App\Dice\DiceTest" classname="App.Dice.DiceTest" file="/home/vemla/dbwebb-kurser/mvc/me/report/tests/Dice/DiceTest.php" line="44" assertions="3" time="0.000325"/>
        <testcase name="testGetValueDice" class="App\Dice\DiceTest" classname="App.Dice.DiceTest" file="/home/vemla/dbwebb-kurser/mvc/me/report/tests/Dice/DiceTest.php" line="58" assertions="2" time="0.000310"/>
      </testsuite>
      <testsuite name="App\Entity\BookTest" file="/home/vemla/dbwebb-kurser/mvc/me/report/tests/Entity/BookTest.php" tests="2" assertions="5" errors="0" warnings="0" failures="0" skipped="0" time="0.003624">
        <testcase name="testBook" class="App\Entity\BookTest" classname="App.Entity.BookTest" file="/home/vemla/dbwebb-kurser/mvc/me/report/tests/Entity/BookTest.php" line="14" assertions="4" time="0.001924"/>
        <testcase name="testBookGetId" class="App\Entity\BookTest" classname="App.Entity.BookTest" file="/home/vemla/dbwebb-kurser/mvc/me/report/tests/Entity/BookTest.php" line="38" assertions="1" time="0.001701"/>
      </testsuite>
      <testsuite name="App\Entity\GarbageBeachKattegattOstersjonTest" file="/home/vemla/dbwebb-kurser/mvc/me/report/tests/Entity/GarbageBeachKattegattOstersjonTest.php" tests="2" assertions="4" errors="0" warnings="0" failures="0" skipped="0" time="0.002048">
        <testcase name="testGarbageBeachKattegattOstersjon" class="App\Entity\GarbageBeachKattegattOstersjonTest" classname="App.Entity.GarbageBeachKattegattOstersjonTest" file="/home/vemla/dbwebb-kurser/mvc/me/report/tests/Entity/GarbageBeachKattegattOstersjonTest.php" line="14" assertions="3" time="0.000922"/>
        <testcase name="testGarbageBeachKattegattOstersjonGetId" class="App\Entity\GarbageBeachKattegattOstersjonTest" classname="App.Entity.GarbageBeachKattegattOstersjonTest" file="/home/vemla/dbwebb-kurser/mvc/me/report/tests/Entity/GarbageBeachKattegattOstersjonTest.php" line="36" assertions="1" time="0.001126"/>
      </testsuite>
      <testsuite name="App\Entity\GarbageMaterialKattegattOstersjonTest" file="/home/vemla/dbwebb-kurser/mvc/me/report/tests/Entity/GarbageMaterialKattegattOstersjonTest.php" tests="2" assertions="3" errors="0" warnings="0" failures="0" skipped="0" time="0.001838">
        <testcase name="testGarbageMaterialKattegattOstersjon" class="App\Entity\GarbageMaterialKattegattOstersjonTest" classname="App.Entity.GarbageMaterialKattegattOstersjonTest" file="/home/vemla/dbwebb-kurser/mvc/me/report/tests/Entity/GarbageMaterialKattegattOstersjonTest.php" line="14" assertions="2" time="0.000830"/>
        <testcase name="testGarbageMaterialKattegattOstersjonGetId" class="App\Entity\GarbageMaterialKattegattOstersjonTest" classname="App.Entity.GarbageMaterialKattegattOstersjonTest" file="/home/vemla/dbwebb-kurser/mvc/me/report/tests/Entity/GarbageMaterialKattegattOstersjonTest.php" line="36" assertions="1" time="0.001008"/>
      </testsuite>
      <testsuite name="App\Entity\GarbageMaterialRuralKattegattOstersjonTest" file="/home/vemla/dbwebb-kurser/mvc/me/report/tests/Entity/GarbageMaterialRuralKattegattOstersjonTest.php" tests="2" assertions="3" errors="0" warnings="0" failures="0" skipped="0" time="0.001876">
        <testcase name="testGarbageMaterialRuralKattegattOstersjon" class="App\Entity\GarbageMaterialRuralKattegattOstersjonTest" classname="App.Entity.GarbageMaterialRuralKattegattOstersjonTest" file="/home/vemla/dbwebb-kurser/mvc/me/report/tests/Entity/GarbageMaterialRuralKattegattOstersjonTest.php" line="14" assertions="2" time="0.000841"/>
        <testcase name="testGarbageMaterialRuralKattegattOstersjonGetId" class="App\Entity\GarbageMaterialRuralKattegattOstersjonTest" classname="App.Entity.GarbageMaterialRuralKattegattOstersjonTest" file="/home/vemla/dbwebb-kurser/mvc/me/report/tests/Entity/GarbageMaterialRuralKattegattOstersjonTest.php" line="37" assertions="1" time="0.001035"/>
      </testsuite>
    </testsuite>
  </testsuite>
</testsuites>
